app/build/intermediates/manifest_merge_blame_file/debug/manifest-merger-blame-debug-report.txt
1<?xml version="1.0" encoding="utf-8"?>
2<manifest xmlns:android="http://schemas.android.com/apk/res/android"
3    package="com.example.streetcar"
4    android:versionCode="1"
5    android:versionName="1.0" >
6
7    <uses-sdk
8        android:minSdkVersion="27"
8-->src\main\AndroidManifest.xml
9        android:targetSdkVersion="32" />
9-->src\main\AndroidManifest.xml
10
11    <uses-permission android:name="android.permission.INTERNET" />
11-->src\main\AndroidManifest.xml:6:5-67
11-->src\main\AndroidManifest.xml:6:22-64
12    <uses-permission android:name="android.permission.ACCESS_NETWORK_STATE" />
12-->[com.google.firebase:firebase-auth:21.1.0] AndroidManifest.xml:24:5-79
12-->[com.google.firebase:firebase-auth:21.1.0] AndroidManifest.xml:24:22-76
13    <uses-permission android:name="android.permission.REORDER_TASKS" />
13-->[androidx.test:core:1.5.0] AndroidManifest.xml:24:5-72
13-->[androidx.test:core:1.5.0] AndroidManifest.xml:24:22-69
14
15    <queries>
15-->[androidx.test:runner:1.5.0] AndroidManifest.xml:24:5-28:15
16        <package android:name="androidx.test.orchestrator" />
16-->[androidx.test:runner:1.5.0] AndroidManifest.xml:25:9-62
16-->[androidx.test:runner:1.5.0] AndroidManifest.xml:25:18-59
17        <package android:name="androidx.test.services" />
17-->[androidx.test:runner:1.5.0] AndroidManifest.xml:26:9-58
17-->[androidx.test:runner:1.5.0] AndroidManifest.xml:26:18-55
18        <package android:name="com.google.android.apps.common.testing.services" />
18-->[androidx.test:runner:1.5.0] AndroidManifest.xml:27:9-83
18-->[androidx.test:runner:1.5.0] AndroidManifest.xml:27:18-80
19    </queries>
20
21    <application
21-->src\main\AndroidManifest.xml:8:5-34:19
22        android:allowBackup="true"
22-->src\main\AndroidManifest.xml:9:9-35
23        android:appComponentFactory="androidx.core.app.CoreComponentFactory"
23-->[androidx.core:core:1.8.0] AndroidManifest.xml:24:18-86
24        android:debuggable="true"
25        android:extractNativeLibs="false"
26        android:icon="@mipmap/ic_launcher"
26-->src\main\AndroidManifest.xml:10:9-43
27        android:label="@string/app_name"
27-->src\main\AndroidManifest.xml:11:9-41
28        android:roundIcon="@mipmap/ic_launcher_round"
28-->src\main\AndroidManifest.xml:12:9-54
29        android:supportsRtl="true"
29-->src\main\AndroidManifest.xml:13:9-35
30        android:testOnly="true"
31        android:theme="@style/Theme.StreetCar" >
31-->src\main\AndroidManifest.xml:14:9-47
32        <activity
32-->src\main\AndroidManifest.xml:15:9-22:20
33            android:name="com.example.streetcar.SplashActivity"
33-->src\main\AndroidManifest.xml:16:13-43
34            android:exported="true" >
34-->src\main\AndroidManifest.xml:17:13-36
35            <intent-filter>
35-->src\main\AndroidManifest.xml:18:13-21:29
36                <action android:name="android.intent.action.MAIN" />
36-->src\main\AndroidManifest.xml:19:17-69
36-->src\main\AndroidManifest.xml:19:25-66
37
38                <category android:name="android.intent.category.LAUNCHER" />
38-->src\main\AndroidManifest.xml:20:17-77
38-->src\main\AndroidManifest.xml:20:27-74
39            </intent-filter>
40        </activity>
41        <activity android:name="com.example.streetcar.SenhaActivity" />
41-->src\main\AndroidManifest.xml:23:9-51
41-->src\main\AndroidManifest.xml:23:19-48
42        <activity android:name="com.example.streetcar.MainActivity" />
42-->src\main\AndroidManifest.xml:24:9-49
42-->src\main\AndroidManifest.xml:24:19-47
43        <activity android:name="com.example.streetcar.LoginActivity" />
43-->src\main\AndroidManifest.xml:25:9-50
43-->src\main\AndroidManifest.xml:25:19-48
44        <activity android:name="com.example.streetcar.ProfileActivity" />
44-->src\main\AndroidManifest.xml:26:9-52
44-->src\main\AndroidManifest.xml:26:19-50
45        <activity android:name="com.example.streetcar.RegisterActivity" />
45-->src\main\AndroidManifest.xml:27:9-53
45-->src\main\AndroidManifest.xml:27:19-51
46        <activity android:name="com.example.streetcar.ConfirmActivity" />
46-->src\main\AndroidManifest.xml:28:9-52
46-->src\main\AndroidManifest.xml:28:19-50
47        <activity android:name="com.example.streetcar.BookingActivity" />
47-->src\main\AndroidManifest.xml:29:9-52
47-->src\main\AndroidManifest.xml:29:19-50
48        <activity android:name="com.example.streetcar.ViewBookingActivity" />
48-->src\main\AndroidManifest.xml:30:9-56
48-->src\main\AndroidManifest.xml:30:19-54
49
50        <meta-data
50-->src\main\AndroidManifest.xml:31:9-33:57
51            android:name="preloaded_fonts"
51-->src\main\AndroidManifest.xml:32:13-43
52            android:resource="@array/preloaded_fonts" />
52-->src\main\AndroidManifest.xml:33:13-54
53
54        <activity
54-->[com.google.firebase:firebase-auth:21.1.0] AndroidManifest.xml:27:9-44:20
55            android:name="com.google.firebase.auth.internal.GenericIdpActivity"
55-->[com.google.firebase:firebase-auth:21.1.0] AndroidManifest.xml:28:13-80
56            android:excludeFromRecents="true"
56-->[com.google.firebase:firebase-auth:21.1.0] AndroidManifest.xml:29:13-46
57            android:exported="true"
57-->[com.google.firebase:firebase-auth:21.1.0] AndroidManifest.xml:30:13-36
58            android:launchMode="singleTask"
58-->[com.google.firebase:firebase-auth:21.1.0] AndroidManifest.xml:31:13-44
59            android:theme="@android:style/Theme.Translucent.NoTitleBar" >
59-->[com.google.firebase:firebase-auth:21.1.0] AndroidManifest.xml:32:13-72
60            <intent-filter>
60-->[com.google.firebase:firebase-auth:21.1.0] AndroidManifest.xml:33:13-43:29
61                <action android:name="android.intent.action.VIEW" />
61-->[com.google.firebase:firebase-auth:21.1.0] AndroidManifest.xml:34:17-69
61-->[com.google.firebase:firebase-auth:21.1.0] AndroidManifest.xml:34:25-66
62
63                <category android:name="android.intent.category.DEFAULT" />
63-->[com.google.firebase:firebase-auth:21.1.0] AndroidManifest.xml:36:17-76
63-->[com.google.firebase:firebase-auth:21.1.0] AndroidManifest.xml:36:27-73
64                <category android:name="android.intent.category.BROWSABLE" />
64-->[com.google.firebase:firebase-auth:21.1.0] AndroidManifest.xml:37:17-78
64-->[com.google.firebase:firebase-auth:21.1.0] AndroidManifest.xml:37:27-75
65
66                <data
66-->[com.google.firebase:firebase-auth:21.1.0] AndroidManifest.xml:39:17-42:51
67                    android:host="firebase.auth"
67-->[com.google.firebase:firebase-auth:21.1.0] AndroidManifest.xml:40:21-49
68                    android:path="/"
68-->[com.google.firebase:firebase-auth:21.1.0] AndroidManifest.xml:41:21-37
69                    android:scheme="genericidp" />
69-->[com.google.firebase:firebase-auth:21.1.0] AndroidManifest.xml:42:21-48
70            </intent-filter>
71        </activity>
72        <activity
72-->[com.google.firebase:firebase-auth:21.1.0] AndroidManifest.xml:45:9-62:20
73            android:name="com.google.firebase.auth.internal.RecaptchaActivity"
73-->[com.google.firebase:firebase-auth:21.1.0] AndroidManifest.xml:46:13-79
74            android:excludeFromRecents="true"
74-->[com.google.firebase:firebase-auth:21.1.0] AndroidManifest.xml:47:13-46
75            android:exported="true"
75-->[com.google.firebase:firebase-auth:21.1.0] AndroidManifest.xml:48:13-36
76            android:launchMode="singleTask"
76-->[com.google.firebase:firebase-auth:21.1.0] AndroidManifest.xml:49:13-44
77            android:theme="@android:style/Theme.Translucent.NoTitleBar" >
77-->[com.google.firebase:firebase-auth:21.1.0] AndroidManifest.xml:50:13-72
78            <intent-filter>
78-->[com.google.firebase:firebase-auth:21.1.0] AndroidManifest.xml:51:13-61:29
79                <action android:name="android.intent.action.VIEW" />
79-->[com.google.firebase:firebase-auth:21.1.0] AndroidManifest.xml:34:17-69
79-->[com.google.firebase:firebase-auth:21.1.0] AndroidManifest.xml:34:25-66
80
81                <category android:name="android.intent.category.DEFAULT" />
81-->[com.google.firebase:firebase-auth:21.1.0] AndroidManifest.xml:36:17-76
81-->[com.google.firebase:firebase-auth:21.1.0] AndroidManifest.xml:36:27-73
82                <category android:name="android.intent.category.BROWSABLE" />
82-->[com.google.firebase:firebase-auth:21.1.0] AndroidManifest.xml:37:17-78
82-->[com.google.firebase:firebase-auth:21.1.0] AndroidManifest.xml:37:27-75
83
84                <data
84-->[com.google.firebase:firebase-auth:21.1.0] AndroidManifest.xml:39:17-42:51
85                    android:host="firebase.auth"
85-->[com.google.firebase:firebase-auth:21.1.0] AndroidManifest.xml:40:21-49
86                    android:path="/"
86-->[com.google.firebase:firebase-auth:21.1.0] AndroidManifest.xml:41:21-37
87                    android:scheme="recaptcha" />
87-->[com.google.firebase:firebase-auth:21.1.0] AndroidManifest.xml:42:21-48
88            </intent-filter>
89        </activity>
90
91        <service
91-->[com.google.firebase:firebase-auth:21.1.0] AndroidManifest.xml:64:9-70:19
92            android:name="com.google.firebase.components.ComponentDiscoveryService"
92-->[com.google.firebase:firebase-auth:21.1.0] AndroidManifest.xml:65:13-84
93            android:directBootAware="true"
93-->[com.google.firebase:firebase-common:20.2.0] AndroidManifest.xml:34:13-43
94            android:exported="false" >
94-->[com.google.firebase:firebase-auth:21.1.0] AndroidManifest.xml:66:13-37
95            <meta-data
95-->[com.google.firebase:firebase-auth:21.1.0] AndroidManifest.xml:67:13-69:85
96                android:name="com.google.firebase.components:com.google.firebase.auth.FirebaseAuthRegistrar"
96-->[com.google.firebase:firebase-auth:21.1.0] AndroidManifest.xml:68:17-109
97                android:value="com.google.firebase.components.ComponentRegistrar" />
97-->[com.google.firebase:firebase-auth:21.1.0] AndroidManifest.xml:69:17-82
98            <meta-data
98-->[com.google.firebase:firebase-database:20.1.0] AndroidManifest.xml:31:13-33:85
99                android:name="com.google.firebase.components:com.google.firebase.database.DatabaseRegistrar"
99-->[com.google.firebase:firebase-database:20.1.0] AndroidManifest.xml:32:17-109
100                android:value="com.google.firebase.components.ComponentRegistrar" />
100-->[com.google.firebase:firebase-database:20.1.0] AndroidManifest.xml:33:17-82
101            <meta-data
101-->[com.google.firebase:firebase-firestore:24.4.0] AndroidManifest.xml:19:13-21:85
102                android:name="com.google.firebase.components:com.google.firebase.firestore.FirestoreRegistrar"
102-->[com.google.firebase:firebase-firestore:24.4.0] AndroidManifest.xml:20:17-111
103                android:value="com.google.firebase.components.ComponentRegistrar" />
103-->[com.google.firebase:firebase-firestore:24.4.0] AndroidManifest.xml:21:17-82
104        </service>
105
106        <provider
106-->[com.google.firebase:firebase-common:20.2.0] AndroidManifest.xml:25:9-30:39
107            android:name="com.google.firebase.provider.FirebaseInitProvider"
107-->[com.google.firebase:firebase-common:20.2.0] AndroidManifest.xml:26:13-77
108            android:authorities="com.example.streetcar.firebaseinitprovider"
108-->[com.google.firebase:firebase-common:20.2.0] AndroidManifest.xml:27:13-72
109            android:directBootAware="true"
109-->[com.google.firebase:firebase-common:20.2.0] AndroidManifest.xml:28:13-43
110            android:exported="false"
110-->[com.google.firebase:firebase-common:20.2.0] AndroidManifest.xml:29:13-37
111            android:initOrder="100" />
111-->[com.google.firebase:firebase-common:20.2.0] AndroidManifest.xml:30:13-36
112
113        <activity
113-->[com.google.android.gms:play-services-base:18.0.1] AndroidManifest.xml:20:9-22:45
114            android:name="com.google.android.gms.common.api.GoogleApiActivity"
114-->[com.google.android.gms:play-services-base:18.0.1] AndroidManifest.xml:20:19-85
115            android:exported="false"
115-->[com.google.android.gms:play-services-base:18.0.1] AndroidManifest.xml:22:19-43
116            android:theme="@android:style/Theme.Translucent.NoTitleBar" />
116-->[com.google.android.gms:play-services-base:18.0.1] AndroidManifest.xml:21:19-78
117
118        <meta-data
118-->[com.google.android.gms:play-services-basement:18.1.0] AndroidManifest.xml:21:9-23:69
119            android:name="com.google.android.gms.version"
119-->[com.google.android.gms:play-services-basement:18.1.0] AndroidManifest.xml:22:13-58
120            android:value="@integer/google_play_services_version" />
120-->[com.google.android.gms:play-services-basement:18.1.0] AndroidManifest.xml:23:13-66
121
122        <provider
122-->[androidx.emoji2:emoji2:1.2.0] AndroidManifest.xml:24:9-32:20
123            android:name="androidx.startup.InitializationProvider"
123-->[androidx.emoji2:emoji2:1.2.0] AndroidManifest.xml:25:13-67
124            android:authorities="com.example.streetcar.androidx-startup"
124-->[androidx.emoji2:emoji2:1.2.0] AndroidManifest.xml:26:13-68
125            android:exported="false" >
125-->[androidx.emoji2:emoji2:1.2.0] AndroidManifest.xml:27:13-37
126            <meta-data
126-->[androidx.emoji2:emoji2:1.2.0] AndroidManifest.xml:29:13-31:52
127                android:name="androidx.emoji2.text.EmojiCompatInitializer"
127-->[androidx.emoji2:emoji2:1.2.0] AndroidManifest.xml:30:17-75
128                android:value="androidx.startup" />
128-->[androidx.emoji2:emoji2:1.2.0] AndroidManifest.xml:31:17-49
129            <meta-data
129-->[androidx.lifecycle:lifecycle-process:2.4.1] AndroidManifest.xml:31:13-33:52
130                android:name="androidx.lifecycle.ProcessLifecycleInitializer"
130-->[androidx.lifecycle:lifecycle-process:2.4.1] AndroidManifest.xml:32:17-78
131                android:value="androidx.startup" />
131-->[androidx.lifecycle:lifecycle-process:2.4.1] AndroidManifest.xml:33:17-49
132        </provider>
133
134        <activity
134-->[androidx.test:core:1.5.0] AndroidManifest.xml:27:9-34:20
135            android:name="androidx.test.core.app.InstrumentationActivityInvoker$BootstrapActivity"
135-->[androidx.test:core:1.5.0] AndroidManifest.xml:28:13-99
136            android:exported="true"
136-->[androidx.test:core:1.5.0] AndroidManifest.xml:29:13-36
137            android:theme="@style/WhiteBackgroundTheme" >
137-->[androidx.test:core:1.5.0] AndroidManifest.xml:30:13-56
138            <intent-filter android:priority="-100" >
138-->[androidx.test:core:1.5.0] AndroidManifest.xml:31:13-33:29
138-->[androidx.test:core:1.5.0] AndroidManifest.xml:31:28-51
139                <category android:name="android.intent.category.LAUNCHER" />
139-->src\main\AndroidManifest.xml:20:17-77
139-->src\main\AndroidManifest.xml:20:27-74
140            </intent-filter>
141        </activity>
142        <activity
142-->[androidx.test:core:1.5.0] AndroidManifest.xml:35:9-42:20
143            android:name="androidx.test.core.app.InstrumentationActivityInvoker$EmptyActivity"
143-->[androidx.test:core:1.5.0] AndroidManifest.xml:36:13-95
144            android:exported="true"
144-->[androidx.test:core:1.5.0] AndroidManifest.xml:37:13-36
145            android:theme="@style/WhiteBackgroundTheme" >
145-->[androidx.test:core:1.5.0] AndroidManifest.xml:38:13-56
146            <intent-filter android:priority="-100" >
146-->[androidx.test:core:1.5.0] AndroidManifest.xml:31:13-33:29
146-->[androidx.test:core:1.5.0] AndroidManifest.xml:31:28-51
147                <category android:name="android.intent.category.LAUNCHER" />
147-->src\main\AndroidManifest.xml:20:17-77
147-->src\main\AndroidManifest.xml:20:27-74
148            </intent-filter>
149        </activity>
150        <activity
150-->[androidx.test:core:1.5.0] AndroidManifest.xml:43:9-50:20
151            android:name="androidx.test.core.app.InstrumentationActivityInvoker$EmptyFloatingActivity"
151-->[androidx.test:core:1.5.0] AndroidManifest.xml:44:13-103
152            android:exported="true"
152-->[androidx.test:core:1.5.0] AndroidManifest.xml:45:13-36
153            android:theme="@style/WhiteBackgroundDialogTheme" >
153-->[androidx.test:core:1.5.0] AndroidManifest.xml:46:13-62
154            <intent-filter android:priority="-100" >
154-->[androidx.test:core:1.5.0] AndroidManifest.xml:31:13-33:29
154-->[androidx.test:core:1.5.0] AndroidManifest.xml:31:28-51
155                <category android:name="android.intent.category.LAUNCHER" />
155-->src\main\AndroidManifest.xml:20:17-77
155-->src\main\AndroidManifest.xml:20:27-74
156            </intent-filter>
157        </activity>
158    </application>
159
160</manifest>